{"/root/projects/scpos/src/commands/index.ts": {"path":"/root/projects/scpos/src/commands/index.ts","statementMap":{"0":{"start":{"line":7,"column":43},"end":{"line":335,"column":null}},"1":{"start":{"line":9,"column":21},"end":{"line":24,"column":null}},"2":{"start":{"line":15,"column":8},"end":{"line":15,"column":null}},"3":{"start":{"line":25,"column":4},"end":{"line":25,"column":null}},"4":{"start":{"line":25,"column":29},"end":{"line":25,"column":42}},"5":{"start":{"line":29,"column":23},"end":{"line":51,"column":null}},"6":{"start":{"line":52,"column":4},"end":{"line":52,"column":null}},"7":{"start":{"line":52,"column":31},"end":{"line":52,"column":44}},"8":{"start":{"line":56,"column":4},"end":{"line":56,"column":null}},"9":{"start":{"line":60,"column":4},"end":{"line":60,"column":null}},"10":{"start":{"line":64,"column":28},"end":{"line":93,"column":null}},"11":{"start":{"line":94,"column":4},"end":{"line":94,"column":null}},"12":{"start":{"line":94,"column":36},"end":{"line":94,"column":49}},"13":{"start":{"line":98,"column":20},"end":{"line":111,"column":null}},"14":{"start":{"line":105,"column":29},"end":{"line":105,"column":40}},"15":{"start":{"line":112,"column":4},"end":{"line":112,"column":null}},"16":{"start":{"line":112,"column":28},"end":{"line":112,"column":41}},"17":{"start":{"line":116,"column":22},"end":{"line":116,"column":null}},"18":{"start":{"line":117,"column":4},"end":{"line":119,"column":null}},"19":{"start":{"line":118,"column":6},"end":{"line":118,"column":null}},"20":{"start":{"line":119,"column":6},"end":{"line":119,"column":null}},"21":{"start":{"line":122,"column":17},"end":{"line":122,"column":null}},"22":{"start":{"line":123,"column":4},"end":{"line":126,"column":null}},"23":{"start":{"line":124,"column":6},"end":{"line":124,"column":null}},"24":{"start":{"line":124,"column":39},"end":{"line":124,"column":52}},"25":{"start":{"line":126,"column":6},"end":{"line":126,"column":null}},"26":{"start":{"line":131,"column":22},"end":{"line":159,"column":null}},"27":{"start":{"line":160,"column":4},"end":{"line":160,"column":null}},"28":{"start":{"line":160,"column":30},"end":{"line":160,"column":43}},"29":{"start":{"line":164,"column":26},"end":{"line":188,"column":null}},"30":{"start":{"line":189,"column":4},"end":{"line":189,"column":null}},"31":{"start":{"line":189,"column":34},"end":{"line":189,"column":47}},"32":{"start":{"line":193,"column":24},"end":{"line":216,"column":null}},"33":{"start":{"line":217,"column":4},"end":{"line":217,"column":null}},"34":{"start":{"line":217,"column":32},"end":{"line":217,"column":45}},"35":{"start":{"line":221,"column":22},"end":{"line":249,"column":null}},"36":{"start":{"line":250,"column":4},"end":{"line":250,"column":null}},"37":{"start":{"line":250,"column":30},"end":{"line":250,"column":43}},"38":{"start":{"line":254,"column":4},"end":{"line":272,"column":null}},"39":{"start":{"line":255,"column":22},"end":{"line":255,"column":36}},"40":{"start":{"line":256,"column":6},"end":{"line":258,"column":null}},"41":{"start":{"line":257,"column":8},"end":{"line":257,"column":null}},"42":{"start":{"line":258,"column":8},"end":{"line":258,"column":null}},"43":{"start":{"line":261,"column":22},"end":{"line":262,"column":null}},"44":{"start":{"line":262,"column":8},"end":{"line":262,"column":58}},"45":{"start":{"line":265,"column":6},"end":{"line":269,"column":null}},"46":{"start":{"line":266,"column":8},"end":{"line":266,"column":null}},"47":{"start":{"line":267,"column":8},"end":{"line":267,"column":null}},"48":{"start":{"line":267,"column":34},"end":{"line":267,"column":58}},"49":{"start":{"line":269,"column":8},"end":{"line":269,"column":null}},"50":{"start":{"line":272,"column":6},"end":{"line":272,"column":null}},"51":{"start":{"line":277,"column":4},"end":{"line":277,"column":null}},"52":{"start":{"line":278,"column":4},"end":{"line":278,"column":null}},"53":{"start":{"line":280,"column":4},"end":{"line":323,"column":null}},"54":{"start":{"line":281,"column":6},"end":{"line":284,"column":null}},"55":{"start":{"line":282,"column":8},"end":{"line":282,"column":null}},"56":{"start":{"line":283,"column":8},"end":{"line":283,"column":null}},"57":{"start":{"line":284,"column":8},"end":{"line":284,"column":null}},"58":{"start":{"line":287,"column":6},"end":{"line":319,"column":null}},"59":{"start":{"line":289,"column":24},"end":{"line":289,"column":47}},"60":{"start":{"line":290,"column":8},"end":{"line":290,"column":null}},"61":{"start":{"line":291,"column":8},"end":{"line":291,"column":null}},"62":{"start":{"line":293,"column":23},"end":{"line":293,"column":55}},"63":{"start":{"line":295,"column":8},"end":{"line":299,"column":null}},"64":{"start":{"line":296,"column":33},"end":{"line":296,"column":71}},"65":{"start":{"line":297,"column":10},"end":{"line":297,"column":null}},"66":{"start":{"line":297,"column":41},"end":{"line":297,"column":54}},"67":{"start":{"line":299,"column":10},"end":{"line":299,"column":null}},"68":{"start":{"line":303,"column":26},"end":{"line":303,"column":null}},"69":{"start":{"line":304,"column":8},"end":{"line":304,"column":null}},"70":{"start":{"line":305,"column":8},"end":{"line":305,"column":null}},"71":{"start":{"line":307,"column":23},"end":{"line":307,"column":57}},"72":{"start":{"line":309,"column":8},"end":{"line":319,"column":null}},"73":{"start":{"line":310,"column":10},"end":{"line":312,"column":null}},"74":{"start":{"line":311,"column":12},"end":{"line":311,"column":null}},"75":{"start":{"line":312,"column":12},"end":{"line":312,"column":null}},"76":{"start":{"line":315,"column":33},"end":{"line":315,"column":71}},"77":{"start":{"line":316,"column":10},"end":{"line":316,"column":null}},"78":{"start":{"line":316,"column":41},"end":{"line":316,"column":54}},"79":{"start":{"line":318,"column":10},"end":{"line":318,"column":null}},"80":{"start":{"line":319,"column":10},"end":{"line":319,"column":null}},"81":{"start":{"line":323,"column":6},"end":{"line":323,"column":null}},"82":{"start":{"line":328,"column":4},"end":{"line":328,"column":null}},"83":{"start":{"line":329,"column":4},"end":{"line":329,"column":null}},"84":{"start":{"line":330,"column":4},"end":{"line":330,"column":null}},"85":{"start":{"line":331,"column":4},"end":{"line":331,"column":null}},"86":{"start":{"line":332,"column":4},"end":{"line":332,"column":null}},"87":{"start":{"line":333,"column":4},"end":{"line":333,"column":null}},"88":{"start":{"line":338,"column":2},"end":{"line":338,"column":null}}},"fnMap":{"0":{"name":"(anonymous_0)","decl":{"start":{"line":8,"column":2},"end":{"line":8,"column":9}},"loc":{"start":{"line":8,"column":36},"end":{"line":25,"column":null}},"line":8},"1":{"name":"(anonymous_1)","decl":{"start":{"line":14,"column":46},"end":{"line":14,"column":51}},"loc":{"start":{"line":15,"column":8},"end":{"line":15,"column":null}},"line":15},"2":{"name":"(anonymous_2)","decl":{"start":{"line":25,"column":13},"end":{"line":25,"column":21}},"loc":{"start":{"line":25,"column":29},"end":{"line":25,"column":42}},"line":25},"3":{"name":"(anonymous_3)","decl":{"start":{"line":28,"column":2},"end":{"line":28,"column":11}},"loc":{"start":{"line":28,"column":38},"end":{"line":52,"column":null}},"line":28},"4":{"name":"(anonymous_4)","decl":{"start":{"line":52,"column":15},"end":{"line":52,"column":23}},"loc":{"start":{"line":52,"column":31},"end":{"line":52,"column":44}},"line":52},"5":{"name":"(anonymous_5)","decl":{"start":{"line":55,"column":2},"end":{"line":55,"column":10}},"loc":{"start":{"line":55,"column":37},"end":{"line":56,"column":null}},"line":55},"6":{"name":"(anonymous_6)","decl":{"start":{"line":59,"column":2},"end":{"line":59,"column":8}},"loc":{"start":{"line":59,"column":35},"end":{"line":60,"column":null}},"line":59},"7":{"name":"(anonymous_7)","decl":{"start":{"line":63,"column":2},"end":{"line":63,"column":16}},"loc":{"start":{"line":63,"column":43},"end":{"line":94,"column":null}},"line":63},"8":{"name":"(anonymous_8)","decl":{"start":{"line":94,"column":20},"end":{"line":94,"column":28}},"loc":{"start":{"line":94,"column":36},"end":{"line":94,"column":49}},"line":94},"9":{"name":"(anonymous_9)","decl":{"start":{"line":97,"column":2},"end":{"line":97,"column":15}},"loc":{"start":{"line":97,"column":42},"end":{"line":112,"column":null}},"line":97},"10":{"name":"(anonymous_10)","decl":{"start":{"line":105,"column":18},"end":{"line":105,"column":22}},"loc":{"start":{"line":105,"column":29},"end":{"line":105,"column":40}},"line":105},"11":{"name":"(anonymous_11)","decl":{"start":{"line":112,"column":12},"end":{"line":112,"column":20}},"loc":{"start":{"line":112,"column":28},"end":{"line":112,"column":41}},"line":112},"12":{"name":"(anonymous_12)","decl":{"start":{"line":115,"column":2},"end":{"line":115,"column":9}},"loc":{"start":{"line":115,"column":35},"end":{"line":126,"column":null}},"line":115},"13":{"name":"(anonymous_13)","decl":{"start":{"line":124,"column":23},"end":{"line":124,"column":31}},"loc":{"start":{"line":124,"column":39},"end":{"line":124,"column":52}},"line":124},"14":{"name":"(anonymous_14)","decl":{"start":{"line":130,"column":2},"end":{"line":130,"column":13}},"loc":{"start":{"line":130,"column":40},"end":{"line":160,"column":null}},"line":130},"15":{"name":"(anonymous_15)","decl":{"start":{"line":160,"column":14},"end":{"line":160,"column":22}},"loc":{"start":{"line":160,"column":30},"end":{"line":160,"column":43}},"line":160},"16":{"name":"(anonymous_16)","decl":{"start":{"line":163,"column":2},"end":{"line":163,"column":14}},"loc":{"start":{"line":163,"column":41},"end":{"line":189,"column":null}},"line":163},"17":{"name":"(anonymous_17)","decl":{"start":{"line":189,"column":18},"end":{"line":189,"column":26}},"loc":{"start":{"line":189,"column":34},"end":{"line":189,"column":47}},"line":189},"18":{"name":"(anonymous_18)","decl":{"start":{"line":192,"column":2},"end":{"line":192,"column":12}},"loc":{"start":{"line":192,"column":39},"end":{"line":217,"column":null}},"line":192},"19":{"name":"(anonymous_19)","decl":{"start":{"line":217,"column":16},"end":{"line":217,"column":24}},"loc":{"start":{"line":217,"column":32},"end":{"line":217,"column":45}},"line":217},"20":{"name":"(anonymous_20)","decl":{"start":{"line":220,"column":2},"end":{"line":220,"column":10}},"loc":{"start":{"line":220,"column":37},"end":{"line":250,"column":null}},"line":220},"21":{"name":"(anonymous_21)","decl":{"start":{"line":250,"column":14},"end":{"line":250,"column":22}},"loc":{"start":{"line":250,"column":30},"end":{"line":250,"column":43}},"line":250},"22":{"name":"(anonymous_22)","decl":{"start":{"line":253,"column":2},"end":{"line":253,"column":11}},"loc":{"start":{"line":253,"column":37},"end":{"line":272,"column":null}},"line":253},"23":{"name":"(anonymous_23)","decl":{"start":{"line":261,"column":31},"end":{"line":261,"column":38}},"loc":{"start":{"line":262,"column":8},"end":{"line":262,"column":58}},"line":262},"24":{"name":"(anonymous_24)","decl":{"start":{"line":267,"column":16},"end":{"line":267,"column":24}},"loc":{"start":{"line":267,"column":34},"end":{"line":267,"column":58}},"line":267},"25":{"name":"(anonymous_25)","decl":{"start":{"line":276,"column":10},"end":{"line":276,"column":17}},"loc":{"start":{"line":276,"column":43},"end":{"line":323,"column":null}},"line":276},"26":{"name":"(anonymous_26)","decl":{"start":{"line":297,"column":25},"end":{"line":297,"column":33}},"loc":{"start":{"line":297,"column":41},"end":{"line":297,"column":54}},"line":297},"27":{"name":"(anonymous_27)","decl":{"start":{"line":316,"column":25},"end":{"line":316,"column":33}},"loc":{"start":{"line":316,"column":41},"end":{"line":316,"column":54}},"line":316},"28":{"name":"(anonymous_28)","decl":{"start":{"line":327,"column":2},"end":{"line":327,"column":11}},"loc":{"start":{"line":327,"column":38},"end":{"line":333,"column":null}},"line":327},"29":{"name":"getCommandHandler","decl":{"start":{"line":337,"column":16},"end":{"line":337,"column":34}},"loc":{"start":{"line":337,"column":79},"end":{"line":338,"column":null}},"line":337}},"branchMap":{"0":{"loc":{"start":{"line":117,"column":4},"end":{"line":119,"column":null}},"type":"if","locations":[{"start":{"line":117,"column":4},"end":{"line":119,"column":null}},{"start":{},"end":{}}],"line":117},"1":{"loc":{"start":{"line":123,"column":4},"end":{"line":126,"column":null}},"type":"if","locations":[{"start":{"line":123,"column":4},"end":{"line":126,"column":null}},{"start":{"line":125,"column":11},"end":{"line":126,"column":null}}],"line":123},"2":{"loc":{"start":{"line":256,"column":6},"end":{"line":258,"column":null}},"type":"if","locations":[{"start":{"line":256,"column":6},"end":{"line":258,"column":null}},{"start":{},"end":{}}],"line":256},"3":{"loc":{"start":{"line":265,"column":6},"end":{"line":269,"column":null}},"type":"if","locations":[{"start":{"line":265,"column":6},"end":{"line":269,"column":null}},{"start":{"line":268,"column":13},"end":{"line":269,"column":null}}],"line":265},"4":{"loc":{"start":{"line":272,"column":38},"end":{"line":272,"column":92}},"type":"cond-expr","locations":[{"start":{"line":272,"column":63},"end":{"line":272,"column":79}},{"start":{"line":272,"column":79},"end":{"line":272,"column":92}}],"line":272},"5":{"loc":{"start":{"line":281,"column":6},"end":{"line":284,"column":null}},"type":"if","locations":[{"start":{"line":281,"column":6},"end":{"line":284,"column":null}},{"start":{},"end":{}}],"line":281},"6":{"loc":{"start":{"line":287,"column":6},"end":{"line":319,"column":null}},"type":"if","locations":[{"start":{"line":287,"column":6},"end":{"line":319,"column":null}},{"start":{"line":301,"column":13},"end":{"line":319,"column":null}}],"line":287},"7":{"loc":{"start":{"line":287,"column":10},"end":{"line":287,"column":51}},"type":"binary-expr","locations":[{"start":{"line":287,"column":10},"end":{"line":287,"column":34}},{"start":{"line":287,"column":34},"end":{"line":287,"column":51}}],"line":287},"8":{"loc":{"start":{"line":295,"column":8},"end":{"line":299,"column":null}},"type":"if","locations":[{"start":{"line":295,"column":8},"end":{"line":299,"column":null}},{"start":{"line":298,"column":15},"end":{"line":299,"column":null}}],"line":295},"9":{"loc":{"start":{"line":295,"column":12},"end":{"line":295,"column":43}},"type":"binary-expr","locations":[{"start":{"line":295,"column":12},"end":{"line":295,"column":30}},{"start":{"line":295,"column":30},"end":{"line":295,"column":43}}],"line":295},"10":{"loc":{"start":{"line":309,"column":8},"end":{"line":319,"column":null}},"type":"if","locations":[{"start":{"line":309,"column":8},"end":{"line":319,"column":null}},{"start":{"line":317,"column":15},"end":{"line":319,"column":null}}],"line":309},"11":{"loc":{"start":{"line":309,"column":12},"end":{"line":309,"column":43}},"type":"binary-expr","locations":[{"start":{"line":309,"column":12},"end":{"line":309,"column":30}},{"start":{"line":309,"column":30},"end":{"line":309,"column":43}}],"line":309},"12":{"loc":{"start":{"line":310,"column":10},"end":{"line":312,"column":null}},"type":"if","locations":[{"start":{"line":310,"column":10},"end":{"line":312,"column":null}},{"start":{},"end":{}}],"line":310},"13":{"loc":{"start":{"line":323,"column":40},"end":{"line":323,"column":94}},"type":"cond-expr","locations":[{"start":{"line":323,"column":65},"end":{"line":323,"column":81}},{"start":{"line":323,"column":81},"end":{"line":323,"column":94}}],"line":323},"14":{"loc":{"start":{"line":338,"column":9},"end":{"line":338,"column":null}},"type":"binary-expr","locations":[{"start":{"line":338,"column":9},"end":{"line":338,"column":37}},{"start":{"line":338,"column":37},"end":{"line":338,"column":null}}],"line":338}},"s":{"0":1,"1":2,"2":28,"3":2,"4":50,"5":2,"6":2,"7":42,"8":1,"9":1,"10":1,"11":1,"12":28,"13":2,"14":20,"15":2,"16":42,"17":3,"18":3,"19":1,"20":1,"21":2,"22":2,"23":1,"24":20,"25":1,"26":1,"27":1,"28":27,"29":1,"30":1,"31":23,"32":1,"33":1,"34":22,"35":2,"36":2,"37":54,"38":5,"39":5,"40":5,"41":1,"42":1,"43":4,"44":40,"45":4,"46":2,"47":2,"48":11,"49":2,"50":0,"51":1,"52":1,"53":1,"54":1,"55":1,"56":1,"57":1,"58":0,"59":0,"60":0,"61":0,"62":0,"63":0,"64":0,"65":0,"66":0,"67":0,"68":0,"69":0,"70":0,"71":0,"72":0,"73":0,"74":0,"75":0,"76":0,"77":0,"78":0,"79":0,"80":0,"81":0,"82":1,"83":1,"84":1,"85":1,"86":1,"87":1,"88":16},"f":{"0":2,"1":28,"2":50,"3":2,"4":42,"5":1,"6":1,"7":1,"8":28,"9":2,"10":20,"11":42,"12":3,"13":20,"14":1,"15":27,"16":1,"17":23,"18":1,"19":22,"20":2,"21":54,"22":5,"23":40,"24":11,"25":1,"26":0,"27":0,"28":1,"29":16},"b":{"0":[1,2],"1":[1,1],"2":[1,4],"3":[2,2],"4":[0,0],"5":[1,0],"6":[0,0],"7":[0,0],"8":[0,0],"9":[0,0],"10":[0,0],"11":[0,0],"12":[0,0],"13":[0,0],"14":[16,1]},"meta":{"lastBranch":15,"lastFunction":30,"lastStatement":89,"seen":{"s:7:43:335:Infinity":0,"f:8:2:8:9":0,"s:9:21:24:Infinity":1,"f:14:46:14:51":1,"s:15:8:15:Infinity":2,"s:25:4:25:Infinity":3,"f:25:13:25:21":2,"s:25:29:25:42":4,"f:28:2:28:11":3,"s:29:23:51:Infinity":5,"s:52:4:52:Infinity":6,"f:52:15:52:23":4,"s:52:31:52:44":7,"f:55:2:55:10":5,"s:56:4:56:Infinity":8,"f:59:2:59:8":6,"s:60:4:60:Infinity":9,"f:63:2:63:16":7,"s:64:28:93:Infinity":10,"s:94:4:94:Infinity":11,"f:94:20:94:28":8,"s:94:36:94:49":12,"f:97:2:97:15":9,"s:98:20:111:Infinity":13,"f:105:18:105:22":10,"s:105:29:105:40":14,"s:112:4:112:Infinity":15,"f:112:12:112:20":11,"s:112:28:112:41":16,"f:115:2:115:9":12,"s:116:22:116:Infinity":17,"b:117:4:119:Infinity:undefined:undefined:undefined:undefined":0,"s:117:4:119:Infinity":18,"s:118:6:118:Infinity":19,"s:119:6:119:Infinity":20,"s:122:17:122:Infinity":21,"b:123:4:126:Infinity:125:11:126:Infinity":1,"s:123:4:126:Infinity":22,"s:124:6:124:Infinity":23,"f:124:23:124:31":13,"s:124:39:124:52":24,"s:126:6:126:Infinity":25,"f:130:2:130:13":14,"s:131:22:159:Infinity":26,"s:160:4:160:Infinity":27,"f:160:14:160:22":15,"s:160:30:160:43":28,"f:163:2:163:14":16,"s:164:26:188:Infinity":29,"s:189:4:189:Infinity":30,"f:189:18:189:26":17,"s:189:34:189:47":31,"f:192:2:192:12":18,"s:193:24:216:Infinity":32,"s:217:4:217:Infinity":33,"f:217:16:217:24":19,"s:217:32:217:45":34,"f:220:2:220:10":20,"s:221:22:249:Infinity":35,"s:250:4:250:Infinity":36,"f:250:14:250:22":21,"s:250:30:250:43":37,"f:253:2:253:11":22,"s:254:4:272:Infinity":38,"s:255:22:255:36":39,"b:256:6:258:Infinity:undefined:undefined:undefined:undefined":2,"s:256:6:258:Infinity":40,"s:257:8:257:Infinity":41,"s:258:8:258:Infinity":42,"s:261:22:262:Infinity":43,"f:261:31:261:38":23,"s:262:8:262:58":44,"b:265:6:269:Infinity:268:13:269:Infinity":3,"s:265:6:269:Infinity":45,"s:266:8:266:Infinity":46,"s:267:8:267:Infinity":47,"f:267:16:267:24":24,"s:267:34:267:58":48,"s:269:8:269:Infinity":49,"s:272:6:272:Infinity":50,"b:272:63:272:79:272:79:272:92":4,"f:276:10:276:17":25,"s:277:4:277:Infinity":51,"s:278:4:278:Infinity":52,"s:280:4:323:Infinity":53,"b:281:6:284:Infinity:undefined:undefined:undefined:undefined":5,"s:281:6:284:Infinity":54,"s:282:8:282:Infinity":55,"s:283:8:283:Infinity":56,"s:284:8:284:Infinity":57,"b:287:6:319:Infinity:301:13:319:Infinity":6,"s:287:6:319:Infinity":58,"b:287:10:287:34:287:34:287:51":7,"s:289:24:289:47":59,"s:290:8:290:Infinity":60,"s:291:8:291:Infinity":61,"s:293:23:293:55":62,"b:295:8:299:Infinity:298:15:299:Infinity":8,"s:295:8:299:Infinity":63,"b:295:12:295:30:295:30:295:43":9,"s:296:33:296:71":64,"s:297:10:297:Infinity":65,"f:297:25:297:33":26,"s:297:41:297:54":66,"s:299:10:299:Infinity":67,"s:303:26:303:Infinity":68,"s:304:8:304:Infinity":69,"s:305:8:305:Infinity":70,"s:307:23:307:57":71,"b:309:8:319:Infinity:317:15:319:Infinity":10,"s:309:8:319:Infinity":72,"b:309:12:309:30:309:30:309:43":11,"b:310:10:312:Infinity:undefined:undefined:undefined:undefined":12,"s:310:10:312:Infinity":73,"s:311:12:311:Infinity":74,"s:312:12:312:Infinity":75,"s:315:33:315:71":76,"s:316:10:316:Infinity":77,"f:316:25:316:33":27,"s:316:41:316:54":78,"s:318:10:318:Infinity":79,"s:319:10:319:Infinity":80,"s:323:6:323:Infinity":81,"b:323:65:323:81:323:81:323:94":13,"f:327:2:327:11":28,"s:328:4:328:Infinity":82,"s:329:4:329:Infinity":83,"s:330:4:330:Infinity":84,"s:331:4:331:Infinity":85,"s:332:4:332:Infinity":86,"s:333:4:333:Infinity":87,"f:337:16:337:34":29,"s:338:2:338:Infinity":88,"b:338:9:338:37:338:37:338:Infinity":14}}}
,"/root/projects/scpos/src/composables/useCommandHistory.ts": {"path":"/root/projects/scpos/src/composables/useCommandHistory.ts","statementMap":{"0":{"start":{"line":5,"column":8},"end":{"line":5,"column":35}},"1":{"start":{"line":6,"column":8},"end":{"line":6,"column":30}},"2":{"start":{"line":8,"column":8},"end":{"line":28,"column":null}},"3":{"start":{"line":9,"column":4},"end":{"line":28,"column":null}},"4":{"start":{"line":10,"column":6},"end":{"line":17,"column":null}},"5":{"start":{"line":11,"column":8},"end":{"line":16,"column":null}},"6":{"start":{"line":17,"column":8},"end":{"line":17,"column":null}},"7":{"start":{"line":20,"column":6},"end":{"line":20,"column":null}},"8":{"start":{"line":21,"column":6},"end":{"line":21,"column":null}},"9":{"start":{"line":23,"column":6},"end":{"line":28,"column":null}},"10":{"start":{"line":32,"column":8},"end":{"line":98,"column":null}},"11":{"start":{"line":33,"column":4},"end":{"line":98,"column":null}},"12":{"start":{"line":34,"column":6},"end":{"line":41,"column":null}},"13":{"start":{"line":35,"column":8},"end":{"line":40,"column":null}},"14":{"start":{"line":41,"column":8},"end":{"line":41,"column":null}},"15":{"start":{"line":44,"column":6},"end":{"line":45,"column":null}},"16":{"start":{"line":45,"column":8},"end":{"line":45,"column":null}},"17":{"start":{"line":48,"column":6},"end":{"line":87,"column":null}},"18":{"start":{"line":49,"column":8},"end":{"line":60,"column":null}},"19":{"start":{"line":50,"column":10},"end":{"line":50,"column":null}},"20":{"start":{"line":51,"column":24},"end":{"line":51,"column":null}},"21":{"start":{"line":52,"column":10},"end":{"line":60,"column":null}},"22":{"start":{"line":53,"column":12},"end":{"line":53,"column":null}},"23":{"start":{"line":55,"column":12},"end":{"line":60,"column":null}},"24":{"start":{"line":64,"column":8},"end":{"line":87,"column":null}},"25":{"start":{"line":65,"column":10},"end":{"line":65,"column":null}},"26":{"start":{"line":66,"column":10},"end":{"line":87,"column":null}},"27":{"start":{"line":67,"column":12},"end":{"line":75,"column":null}},"28":{"start":{"line":68,"column":14},"end":{"line":68,"column":null}},"29":{"start":{"line":70,"column":14},"end":{"line":75,"column":null}},"30":{"start":{"line":78,"column":26},"end":{"line":78,"column":null}},"31":{"start":{"line":79,"column":12},"end":{"line":87,"column":null}},"32":{"start":{"line":80,"column":14},"end":{"line":80,"column":null}},"33":{"start":{"line":82,"column":14},"end":{"line":87,"column":null}},"34":{"start":{"line":93,"column":6},"end":{"line":98,"column":null}},"35":{"start":{"line":102,"column":8},"end":{"line":111,"column":null}},"36":{"start":{"line":103,"column":4},"end":{"line":111,"column":null}},"37":{"start":{"line":104,"column":6},"end":{"line":104,"column":null}},"38":{"start":{"line":106,"column":6},"end":{"line":111,"column":null}},"39":{"start":{"line":115,"column":2},"end":{"line":121,"column":null}}},"fnMap":{"0":{"name":"useCommandHistory","decl":{"start":{"line":4,"column":16},"end":{"line":4,"column":36}},"loc":{"start":{"line":4,"column":36},"end":{"line":121,"column":null}},"line":4},"1":{"name":"(anonymous_1)","decl":{"start":{"line":8,"column":8},"end":{"line":8,"column":24}},"loc":{"start":{"line":8,"column":44},"end":{"line":28,"column":null}},"line":8},"2":{"name":"(anonymous_2)","decl":{"start":{"line":32,"column":8},"end":{"line":32,"column":27}},"loc":{"start":{"line":32,"column":86},"end":{"line":98,"column":null}},"line":32},"3":{"name":"(anonymous_3)","decl":{"start":{"line":102,"column":8},"end":{"line":102,"column":27}},"loc":{"start":{"line":102,"column":27},"end":{"line":111,"column":null}},"line":102}},"branchMap":{"0":{"loc":{"start":{"line":10,"column":6},"end":{"line":17,"column":null}},"type":"if","locations":[{"start":{"line":10,"column":6},"end":{"line":17,"column":null}},{"start":{},"end":{}}],"line":10},"1":{"loc":{"start":{"line":10,"column":10},"end":{"line":10,"column":51}},"type":"binary-expr","locations":[{"start":{"line":10,"column":10},"end":{"line":10,"column":22}},{"start":{"line":10,"column":22},"end":{"line":10,"column":51}}],"line":10},"2":{"loc":{"start":{"line":27,"column":17},"end":{"line":27,"column":null}},"type":"cond-expr","locations":[{"start":{"line":27,"column":42},"end":{"line":27,"column":58}},{"start":{"line":27,"column":58},"end":{"line":27,"column":null}}],"line":27},"3":{"loc":{"start":{"line":34,"column":6},"end":{"line":41,"column":null}},"type":"if","locations":[{"start":{"line":34,"column":6},"end":{"line":41,"column":null}},{"start":{},"end":{}}],"line":34},"4":{"loc":{"start":{"line":44,"column":6},"end":{"line":45,"column":null}},"type":"if","locations":[{"start":{"line":44,"column":6},"end":{"line":45,"column":null}},{"start":{},"end":{}}],"line":44},"5":{"loc":{"start":{"line":48,"column":6},"end":{"line":87,"column":null}},"type":"if","locations":[{"start":{"line":48,"column":6},"end":{"line":87,"column":null}},{"start":{"line":63,"column":13},"end":{"line":87,"column":null}}],"line":48},"6":{"loc":{"start":{"line":49,"column":8},"end":{"line":60,"column":null}},"type":"if","locations":[{"start":{"line":49,"column":8},"end":{"line":60,"column":null}},{"start":{},"end":{}}],"line":49},"7":{"loc":{"start":{"line":59,"column":23},"end":{"line":59,"column":null}},"type":"cond-expr","locations":[{"start":{"line":59,"column":48},"end":{"line":59,"column":64}},{"start":{"line":59,"column":64},"end":{"line":59,"column":null}}],"line":59},"8":{"loc":{"start":{"line":64,"column":8},"end":{"line":87,"column":null}},"type":"if","locations":[{"start":{"line":64,"column":8},"end":{"line":87,"column":null}},{"start":{},"end":{}}],"line":64},"9":{"loc":{"start":{"line":66,"column":10},"end":{"line":87,"column":null}},"type":"if","locations":[{"start":{"line":66,"column":10},"end":{"line":87,"column":null}},{"start":{"line":77,"column":17},"end":{"line":87,"column":null}}],"line":66},"10":{"loc":{"start":{"line":74,"column":25},"end":{"line":74,"column":null}},"type":"cond-expr","locations":[{"start":{"line":74,"column":50},"end":{"line":74,"column":66}},{"start":{"line":74,"column":66},"end":{"line":74,"column":null}}],"line":74},"11":{"loc":{"start":{"line":86,"column":25},"end":{"line":86,"column":null}},"type":"cond-expr","locations":[{"start":{"line":86,"column":50},"end":{"line":86,"column":66}},{"start":{"line":86,"column":66},"end":{"line":86,"column":null}}],"line":86},"12":{"loc":{"start":{"line":97,"column":17},"end":{"line":97,"column":null}},"type":"cond-expr","locations":[{"start":{"line":97,"column":42},"end":{"line":97,"column":58}},{"start":{"line":97,"column":58},"end":{"line":97,"column":null}}],"line":97},"13":{"loc":{"start":{"line":110,"column":17},"end":{"line":110,"column":null}},"type":"cond-expr","locations":[{"start":{"line":110,"column":42},"end":{"line":110,"column":58}},{"start":{"line":110,"column":58},"end":{"line":110,"column":null}}],"line":110}},"s":{"0":21,"1":21,"2":21,"3":36,"4":36,"5":1,"6":1,"7":35,"8":35,"9":0,"10":21,"11":31,"12":31,"13":0,"14":0,"15":31,"16":2,"17":29,"18":21,"19":20,"20":20,"21":20,"22":20,"23":0,"24":8,"25":7,"26":7,"27":4,"28":4,"29":0,"30":3,"31":3,"32":3,"33":0,"34":0,"35":21,"36":2,"37":2,"38":0,"39":21},"f":{"0":21,"1":36,"2":31,"3":2},"b":{"0":[1,35],"1":[36,35],"2":[0,0],"3":[0,31],"4":[2,29],"5":[21,8],"6":[20,1],"7":[0,0],"8":[7,1],"9":[4,3],"10":[0,0],"11":[0,0],"12":[0,0],"13":[0,0]},"meta":{"lastBranch":14,"lastFunction":4,"lastStatement":40,"seen":{"f:4:16:4:36":0,"s:5:8:5:35":0,"s:6:8:6:30":1,"s:8:8:28:Infinity":2,"f:8:8:8:24":1,"s:9:4:28:Infinity":3,"b:10:6:17:Infinity:undefined:undefined:undefined:undefined":0,"s:10:6:17:Infinity":4,"b:10:10:10:22:10:22:10:51":1,"s:11:8:16:Infinity":5,"s:17:8:17:Infinity":6,"s:20:6:20:Infinity":7,"s:21:6:21:Infinity":8,"s:23:6:28:Infinity":9,"b:27:42:27:58:27:58:27:Infinity":2,"s:32:8:98:Infinity":10,"f:32:8:32:27":2,"s:33:4:98:Infinity":11,"b:34:6:41:Infinity:undefined:undefined:undefined:undefined":3,"s:34:6:41:Infinity":12,"s:35:8:40:Infinity":13,"s:41:8:41:Infinity":14,"b:44:6:45:Infinity:undefined:undefined:undefined:undefined":4,"s:44:6:45:Infinity":15,"s:45:8:45:Infinity":16,"b:48:6:87:Infinity:63:13:87:Infinity":5,"s:48:6:87:Infinity":17,"b:49:8:60:Infinity:undefined:undefined:undefined:undefined":6,"s:49:8:60:Infinity":18,"s:50:10:50:Infinity":19,"s:51:24:51:Infinity":20,"s:52:10:60:Infinity":21,"s:53:12:53:Infinity":22,"s:55:12:60:Infinity":23,"b:59:48:59:64:59:64:59:Infinity":7,"b:64:8:87:Infinity:undefined:undefined:undefined:undefined":8,"s:64:8:87:Infinity":24,"s:65:10:65:Infinity":25,"b:66:10:87:Infinity:77:17:87:Infinity":9,"s:66:10:87:Infinity":26,"s:67:12:75:Infinity":27,"s:68:14:68:Infinity":28,"s:70:14:75:Infinity":29,"b:74:50:74:66:74:66:74:Infinity":10,"s:78:26:78:Infinity":30,"s:79:12:87:Infinity":31,"s:80:14:80:Infinity":32,"s:82:14:87:Infinity":33,"b:86:50:86:66:86:66:86:Infinity":11,"s:93:6:98:Infinity":34,"b:97:42:97:58:97:58:97:Infinity":12,"s:102:8:111:Infinity":35,"f:102:8:102:27":3,"s:103:4:111:Infinity":36,"s:104:6:104:Infinity":37,"s:106:6:111:Infinity":38,"b:110:42:110:58:110:58:110:Infinity":13,"s:115:2:121:Infinity":39}}}
,"/root/projects/scpos/src/composables/useGestures.ts": {"path":"/root/projects/scpos/src/composables/useGestures.ts","statementMap":{"0":{"start":{"line":17,"column":37},"end":{"line":17,"column":null}},"1":{"start":{"line":18,"column":8},"end":{"line":18,"column":114}},"2":{"start":{"line":20,"column":8},"end":{"line":217,"column":null}},"3":{"start":{"line":21,"column":4},"end":{"line":217,"column":null}},"4":{"start":{"line":22,"column":6},"end":{"line":28,"column":null}},"5":{"start":{"line":23,"column":8},"end":{"line":27,"column":null}},"6":{"start":{"line":28,"column":8},"end":{"line":28,"column":null}},"7":{"start":{"line":31,"column":6},"end":{"line":50,"column":null}},"8":{"start":{"line":32,"column":8},"end":{"line":41,"column":null}},"9":{"start":{"line":43,"column":8},"end":{"line":49,"column":null}},"10":{"start":{"line":50,"column":8},"end":{"line":50,"column":null}},"11":{"start":{"line":54,"column":4},"end":{"line":155,"column":null}},"12":{"start":{"line":56,"column":6},"end":{"line":119,"column":null}},"13":{"start":{"line":57,"column":8},"end":{"line":57,"column":null}},"14":{"start":{"line":58,"column":8},"end":{"line":69,"column":null}},"15":{"start":{"line":59,"column":10},"end":{"line":67,"column":null}},"16":{"start":{"line":60,"column":12},"end":{"line":60,"column":null}},"17":{"start":{"line":62,"column":12},"end":{"line":67,"column":null}},"18":{"start":{"line":72,"column":8},"end":{"line":72,"column":null}},"19":{"start":{"line":73,"column":8},"end":{"line":84,"column":null}},"20":{"start":{"line":74,"column":10},"end":{"line":82,"column":null}},"21":{"start":{"line":75,"column":12},"end":{"line":75,"column":null}},"22":{"start":{"line":77,"column":12},"end":{"line":82,"column":null}},"23":{"start":{"line":87,"column":8},"end":{"line":98,"column":null}},"24":{"start":{"line":88,"column":10},"end":{"line":96,"column":null}},"25":{"start":{"line":89,"column":12},"end":{"line":89,"column":null}},"26":{"start":{"line":91,"column":12},"end":{"line":96,"column":null}},"27":{"start":{"line":101,"column":8},"end":{"line":112,"column":null}},"28":{"start":{"line":102,"column":10},"end":{"line":110,"column":null}},"29":{"start":{"line":103,"column":12},"end":{"line":103,"column":null}},"30":{"start":{"line":105,"column":12},"end":{"line":110,"column":null}},"31":{"start":{"line":114,"column":8},"end":{"line":119,"column":null}},"32":{"start":{"line":123,"column":6},"end":{"line":155,"column":null}},"33":{"start":{"line":124,"column":8},"end":{"line":124,"column":null}},"34":{"start":{"line":125,"column":8},"end":{"line":136,"column":null}},"35":{"start":{"line":126,"column":10},"end":{"line":134,"column":null}},"36":{"start":{"line":127,"column":12},"end":{"line":127,"column":null}},"37":{"start":{"line":129,"column":12},"end":{"line":134,"column":null}},"38":{"start":{"line":137,"column":8},"end":{"line":148,"column":null}},"39":{"start":{"line":138,"column":10},"end":{"line":146,"column":null}},"40":{"start":{"line":139,"column":12},"end":{"line":139,"column":null}},"41":{"start":{"line":141,"column":12},"end":{"line":146,"column":null}},"42":{"start":{"line":150,"column":8},"end":{"line":155,"column":null}},"43":{"start":{"line":160,"column":4},"end":{"line":208,"column":null}},"44":{"start":{"line":161,"column":6},"end":{"line":172,"column":null}},"45":{"start":{"line":162,"column":8},"end":{"line":170,"column":null}},"46":{"start":{"line":163,"column":10},"end":{"line":163,"column":null}},"47":{"start":{"line":165,"column":10},"end":{"line":170,"column":null}},"48":{"start":{"line":175,"column":6},"end":{"line":186,"column":null}},"49":{"start":{"line":176,"column":8},"end":{"line":184,"column":null}},"50":{"start":{"line":177,"column":10},"end":{"line":177,"column":null}},"51":{"start":{"line":179,"column":10},"end":{"line":184,"column":null}},"52":{"start":{"line":189,"column":6},"end":{"line":189,"column":null}},"53":{"start":{"line":190,"column":6},"end":{"line":201,"column":null}},"54":{"start":{"line":191,"column":8},"end":{"line":199,"column":null}},"55":{"start":{"line":192,"column":10},"end":{"line":192,"column":null}},"56":{"start":{"line":194,"column":10},"end":{"line":199,"column":null}},"57":{"start":{"line":203,"column":6},"end":{"line":208,"column":null}},"58":{"start":{"line":211,"column":4},"end":{"line":217,"column":null}},"59":{"start":{"line":221,"column":8},"end":{"line":224,"column":null}},"60":{"start":{"line":222,"column":4},"end":{"line":224,"column":null}},"61":{"start":{"line":223,"column":6},"end":{"line":223,"column":null}},"62":{"start":{"line":224,"column":6},"end":{"line":224,"column":null}},"63":{"start":{"line":228,"column":2},"end":{"line":230,"column":null}},"64":{"start":{"line":229,"column":4},"end":{"line":229,"column":null}},"65":{"start":{"line":232,"column":2},"end":{"line":236,"column":null}}},"fnMap":{"0":{"name":"useGestures","decl":{"start":{"line":6,"column":16},"end":{"line":6,"column":null}},"loc":{"start":{"line":16,"column":2},"end":{"line":236,"column":null}},"line":16},"1":{"name":"(anonymous_1)","decl":{"start":{"line":20,"column":8},"end":{"line":20,"column":29}},"loc":{"start":{"line":20,"column":29},"end":{"line":217,"column":null}},"line":20},"2":{"name":"(anonymous_2)","decl":{"start":{"line":58,"column":18},"end":{"line":58,"column":35}},"loc":{"start":{"line":58,"column":35},"end":{"line":69,"column":null}},"line":58},"3":{"name":"(anonymous_3)","decl":{"start":{"line":73,"column":18},"end":{"line":73,"column":37}},"loc":{"start":{"line":73,"column":37},"end":{"line":84,"column":null}},"line":73},"4":{"name":"(anonymous_4)","decl":{"start":{"line":87,"column":18},"end":{"line":87,"column":38}},"loc":{"start":{"line":87,"column":38},"end":{"line":98,"column":null}},"line":87},"5":{"name":"(anonymous_5)","decl":{"start":{"line":101,"column":18},"end":{"line":101,"column":37}},"loc":{"start":{"line":101,"column":37},"end":{"line":112,"column":null}},"line":101},"6":{"name":"(anonymous_6)","decl":{"start":{"line":125,"column":18},"end":{"line":125,"column":35}},"loc":{"start":{"line":125,"column":35},"end":{"line":136,"column":null}},"line":125},"7":{"name":"(anonymous_7)","decl":{"start":{"line":137,"column":18},"end":{"line":137,"column":37}},"loc":{"start":{"line":137,"column":37},"end":{"line":148,"column":null}},"line":137},"8":{"name":"(anonymous_8)","decl":{"start":{"line":161,"column":16},"end":{"line":161,"column":29}},"loc":{"start":{"line":161,"column":29},"end":{"line":172,"column":null}},"line":161},"9":{"name":"(anonymous_9)","decl":{"start":{"line":175,"column":16},"end":{"line":175,"column":31}},"loc":{"start":{"line":175,"column":31},"end":{"line":186,"column":null}},"line":175},"10":{"name":"(anonymous_10)","decl":{"start":{"line":190,"column":16},"end":{"line":190,"column":41}},"loc":{"start":{"line":190,"column":60},"end":{"line":201,"column":null}},"line":190},"11":{"name":"(anonymous_11)","decl":{"start":{"line":221,"column":8},"end":{"line":221,"column":32}},"loc":{"start":{"line":221,"column":32},"end":{"line":224,"column":null}},"line":221},"12":{"name":"(anonymous_12)","decl":{"start":{"line":228,"column":2},"end":{"line":228,"column":20}},"loc":{"start":{"line":228,"column":20},"end":{"line":230,"column":null}},"line":228}},"branchMap":{"0":{"loc":{"start":{"line":22,"column":6},"end":{"line":28,"column":null}},"type":"if","locations":[{"start":{"line":22,"column":6},"end":{"line":28,"column":null}},{"start":{},"end":{}}],"line":22},"1":{"loc":{"start":{"line":47,"column":19},"end":{"line":47,"column":73}},"type":"cond-expr","locations":[{"start":{"line":47,"column":44},"end":{"line":47,"column":60}},{"start":{"line":47,"column":60},"end":{"line":47,"column":73}}],"line":47},"2":{"loc":{"start":{"line":54,"column":4},"end":{"line":155,"column":null}},"type":"if","locations":[{"start":{"line":54,"column":4},"end":{"line":155,"column":null}},{"start":{"line":121,"column":11},"end":{"line":155,"column":null}}],"line":54},"3":{"loc":{"start":{"line":66,"column":23},"end":{"line":66,"column":null}},"type":"cond-expr","locations":[{"start":{"line":66,"column":48},"end":{"line":66,"column":64}},{"start":{"line":66,"column":64},"end":{"line":66,"column":null}}],"line":66},"4":{"loc":{"start":{"line":81,"column":23},"end":{"line":81,"column":null}},"type":"cond-expr","locations":[{"start":{"line":81,"column":48},"end":{"line":81,"column":64}},{"start":{"line":81,"column":64},"end":{"line":81,"column":null}}],"line":81},"5":{"loc":{"start":{"line":95,"column":23},"end":{"line":95,"column":null}},"type":"cond-expr","locations":[{"start":{"line":95,"column":48},"end":{"line":95,"column":64}},{"start":{"line":95,"column":64},"end":{"line":95,"column":null}}],"line":95},"6":{"loc":{"start":{"line":109,"column":23},"end":{"line":109,"column":null}},"type":"cond-expr","locations":[{"start":{"line":109,"column":48},"end":{"line":109,"column":64}},{"start":{"line":109,"column":64},"end":{"line":109,"column":null}}],"line":109},"7":{"loc":{"start":{"line":118,"column":19},"end":{"line":118,"column":null}},"type":"cond-expr","locations":[{"start":{"line":118,"column":44},"end":{"line":118,"column":60}},{"start":{"line":118,"column":60},"end":{"line":118,"column":null}}],"line":118},"8":{"loc":{"start":{"line":133,"column":23},"end":{"line":133,"column":null}},"type":"cond-expr","locations":[{"start":{"line":133,"column":48},"end":{"line":133,"column":64}},{"start":{"line":133,"column":64},"end":{"line":133,"column":null}}],"line":133},"9":{"loc":{"start":{"line":145,"column":23},"end":{"line":145,"column":null}},"type":"cond-expr","locations":[{"start":{"line":145,"column":48},"end":{"line":145,"column":64}},{"start":{"line":145,"column":64},"end":{"line":145,"column":null}}],"line":145},"10":{"loc":{"start":{"line":154,"column":19},"end":{"line":154,"column":null}},"type":"cond-expr","locations":[{"start":{"line":154,"column":44},"end":{"line":154,"column":60}},{"start":{"line":154,"column":60},"end":{"line":154,"column":null}}],"line":154},"11":{"loc":{"start":{"line":169,"column":21},"end":{"line":169,"column":null}},"type":"cond-expr","locations":[{"start":{"line":169,"column":46},"end":{"line":169,"column":62}},{"start":{"line":169,"column":62},"end":{"line":169,"column":null}}],"line":169},"12":{"loc":{"start":{"line":183,"column":21},"end":{"line":183,"column":null}},"type":"cond-expr","locations":[{"start":{"line":183,"column":46},"end":{"line":183,"column":62}},{"start":{"line":183,"column":62},"end":{"line":183,"column":null}}],"line":183},"13":{"loc":{"start":{"line":198,"column":21},"end":{"line":198,"column":null}},"type":"cond-expr","locations":[{"start":{"line":198,"column":46},"end":{"line":198,"column":62}},{"start":{"line":198,"column":62},"end":{"line":198,"column":null}}],"line":198},"14":{"loc":{"start":{"line":207,"column":17},"end":{"line":207,"column":null}},"type":"cond-expr","locations":[{"start":{"line":207,"column":42},"end":{"line":207,"column":58}},{"start":{"line":207,"column":58},"end":{"line":207,"column":null}}],"line":207},"15":{"loc":{"start":{"line":215,"column":15},"end":{"line":215,"column":69}},"type":"cond-expr","locations":[{"start":{"line":215,"column":40},"end":{"line":215,"column":56}},{"start":{"line":215,"column":56},"end":{"line":215,"column":69}}],"line":215},"16":{"loc":{"start":{"line":222,"column":4},"end":{"line":224,"column":null}},"type":"if","locations":[{"start":{"line":222,"column":4},"end":{"line":224,"column":null}},{"start":{},"end":{}}],"line":222}},"s":{"0":22,"1":22,"2":22,"3":20,"4":20,"5":1,"6":1,"7":19,"8":19,"9":0,"10":0,"11":19,"12":7,"13":7,"14":7,"15":1,"16":1,"17":0,"18":7,"19":7,"20":1,"21":1,"22":0,"23":7,"24":1,"25":1,"26":0,"27":7,"28":1,"29":1,"30":0,"31":0,"32":12,"33":12,"34":12,"35":1,"36":1,"37":0,"38":12,"39":1,"40":1,"41":0,"42":0,"43":19,"44":19,"45":3,"46":3,"47":0,"48":19,"49":1,"50":1,"51":0,"52":19,"53":19,"54":0,"55":0,"56":0,"57":0,"58":0,"59":22,"60":25,"61":18,"62":18,"63":22,"64":21,"65":22},"f":{"0":22,"1":20,"2":1,"3":1,"4":1,"5":1,"6":1,"7":1,"8":3,"9":1,"10":0,"11":25,"12":21},"b":{"0":[1,19],"1":[0,0],"2":[7,12],"3":[0,0],"4":[0,0],"5":[0,0],"6":[0,0],"7":[0,0],"8":[0,0],"9":[0,0],"10":[0,0],"11":[0,0],"12":[0,0],"13":[0,0],"14":[0,0],"15":[0,0],"16":[18,7]},"meta":{"lastBranch":17,"lastFunction":13,"lastStatement":66,"seen":{"f:6:16:6:Infinity":0,"s:17:37:17:Infinity":0,"s:18:8:18:114":1,"s:20:8:217:Infinity":2,"f:20:8:20:29":1,"s:21:4:217:Infinity":3,"b:22:6:28:Infinity:undefined:undefined:undefined:undefined":0,"s:22:6:28:Infinity":4,"s:23:8:27:Infinity":5,"s:28:8:28:Infinity":6,"s:31:6:50:Infinity":7,"s:32:8:41:Infinity":8,"s:43:8:49:Infinity":9,"b:47:44:47:60:47:60:47:73":1,"s:50:8:50:Infinity":10,"b:54:4:155:Infinity:121:11:155:Infinity":2,"s:54:4:155:Infinity":11,"s:56:6:119:Infinity":12,"s:57:8:57:Infinity":13,"s:58:8:69:Infinity":14,"f:58:18:58:35":2,"s:59:10:67:Infinity":15,"s:60:12:60:Infinity":16,"s:62:12:67:Infinity":17,"b:66:48:66:64:66:64:66:Infinity":3,"s:72:8:72:Infinity":18,"s:73:8:84:Infinity":19,"f:73:18:73:37":3,"s:74:10:82:Infinity":20,"s:75:12:75:Infinity":21,"s:77:12:82:Infinity":22,"b:81:48:81:64:81:64:81:Infinity":4,"s:87:8:98:Infinity":23,"f:87:18:87:38":4,"s:88:10:96:Infinity":24,"s:89:12:89:Infinity":25,"s:91:12:96:Infinity":26,"b:95:48:95:64:95:64:95:Infinity":5,"s:101:8:112:Infinity":27,"f:101:18:101:37":5,"s:102:10:110:Infinity":28,"s:103:12:103:Infinity":29,"s:105:12:110:Infinity":30,"b:109:48:109:64:109:64:109:Infinity":6,"s:114:8:119:Infinity":31,"b:118:44:118:60:118:60:118:Infinity":7,"s:123:6:155:Infinity":32,"s:124:8:124:Infinity":33,"s:125:8:136:Infinity":34,"f:125:18:125:35":6,"s:126:10:134:Infinity":35,"s:127:12:127:Infinity":36,"s:129:12:134:Infinity":37,"b:133:48:133:64:133:64:133:Infinity":8,"s:137:8:148:Infinity":38,"f:137:18:137:37":7,"s:138:10:146:Infinity":39,"s:139:12:139:Infinity":40,"s:141:12:146:Infinity":41,"b:145:48:145:64:145:64:145:Infinity":9,"s:150:8:155:Infinity":42,"b:154:44:154:60:154:60:154:Infinity":10,"s:160:4:208:Infinity":43,"s:161:6:172:Infinity":44,"f:161:16:161:29":8,"s:162:8:170:Infinity":45,"s:163:10:163:Infinity":46,"s:165:10:170:Infinity":47,"b:169:46:169:62:169:62:169:Infinity":11,"s:175:6:186:Infinity":48,"f:175:16:175:31":9,"s:176:8:184:Infinity":49,"s:177:10:177:Infinity":50,"s:179:10:184:Infinity":51,"b:183:46:183:62:183:62:183:Infinity":12,"s:189:6:189:Infinity":52,"s:190:6:201:Infinity":53,"f:190:16:190:41":10,"s:191:8:199:Infinity":54,"s:192:10:192:Infinity":55,"s:194:10:199:Infinity":56,"b:198:46:198:62:198:62:198:Infinity":13,"s:203:6:208:Infinity":57,"b:207:42:207:58:207:58:207:Infinity":14,"s:211:4:217:Infinity":58,"b:215:40:215:56:215:56:215:69":15,"s:221:8:224:Infinity":59,"f:221:8:221:32":11,"b:222:4:224:Infinity:undefined:undefined:undefined:undefined":16,"s:222:4:224:Infinity":60,"s:223:6:223:Infinity":61,"s:224:6:224:Infinity":62,"s:228:2:230:Infinity":63,"f:228:2:228:20":12,"s:229:4:229:Infinity":64,"s:232:2:236:Infinity":65}}}
,"/root/projects/scpos/src/constants/commands.ts": {"path":"/root/projects/scpos/src/constants/commands.ts","statementMap":{"0":{"start":{"line":3,"column":49},"end":{"line":18,"column":null}},"1":{"start":{"line":20,"column":65},"end":{"line":35,"column":null}},"2":{"start":{"line":37,"column":58},"end":{"line":51,"column":null}}},"fnMap":{},"branchMap":{},"s":{"0":1,"1":1,"2":1},"f":{},"b":{},"meta":{"lastBranch":0,"lastFunction":0,"lastStatement":3,"seen":{"s:3:49:18:Infinity":0,"s:20:65:35:Infinity":1,"s:37:58:51:Infinity":2}}}
,"/root/projects/scpos/src/constants/scpDatabase.ts": {"path":"/root/projects/scpos/src/constants/scpDatabase.ts","statementMap":{"0":{"start":{"line":4,"column":41},"end":{"line":137,"column":null}},"1":{"start":{"line":139,"column":24},"end":{"line":149,"column":null}}},"fnMap":{},"branchMap":{},"s":{"0":1,"1":1},"f":{},"b":{},"meta":{"lastBranch":0,"lastFunction":0,"lastStatement":2,"seen":{"s:4:41:137:Infinity":0,"s:139:24:149:Infinity":1}}}
,"/root/projects/scpos/src/constants/theme.ts": {"path":"/root/projects/scpos/src/constants/theme.ts","statementMap":{"0":{"start":{"line":3,"column":40},"end":{"line":24,"column":null}},"1":{"start":{"line":26,"column":24},"end":{"line":52,"column":null}},"2":{"start":{"line":54,"column":22},"end":{"line":63,"column":null}}},"fnMap":{},"branchMap":{},"s":{"0":2,"1":2,"2":2},"f":{},"b":{},"meta":{"lastBranch":0,"lastFunction":0,"lastStatement":3,"seen":{"s:3:40:24:Infinity":0,"s:26:24:52:Infinity":1,"s:54:22:63:Infinity":2}}}
,"/root/projects/scpos/src/utils/gestures.ts": {"path":"/root/projects/scpos/src/utils/gestures.ts","statementMap":{"0":{"start":{"line":4,"column":17},"end":{"line":4,"column":107}},"1":{"start":{"line":7,"column":17},"end":{"line":16,"column":4}},"2":{"start":{"line":19,"column":2},"end":{"line":74,"column":null}},"3":{"start":{"line":21,"column":4},"end":{"line":21,"column":null}},"4":{"start":{"line":22,"column":4},"end":{"line":26,"column":null}},"5":{"start":{"line":23,"column":6},"end":{"line":24,"column":null}},"6":{"start":{"line":24,"column":8},"end":{"line":24,"column":null}},"7":{"start":{"line":29,"column":4},"end":{"line":29,"column":null}},"8":{"start":{"line":30,"column":4},"end":{"line":34,"column":null}},"9":{"start":{"line":31,"column":6},"end":{"line":32,"column":null}},"10":{"start":{"line":32,"column":8},"end":{"line":32,"column":null}},"11":{"start":{"line":37,"column":4},"end":{"line":41,"column":null}},"12":{"start":{"line":38,"column":6},"end":{"line":39,"column":null}},"13":{"start":{"line":39,"column":8},"end":{"line":39,"column":null}},"14":{"start":{"line":44,"column":4},"end":{"line":48,"column":null}},"15":{"start":{"line":45,"column":6},"end":{"line":46,"column":null}},"16":{"start":{"line":46,"column":8},"end":{"line":46,"column":null}},"17":{"start":{"line":51,"column":4},"end":{"line":55,"column":null}},"18":{"start":{"line":52,"column":6},"end":{"line":53,"column":null}},"19":{"start":{"line":53,"column":8},"end":{"line":53,"column":null}},"20":{"start":{"line":58,"column":4},"end":{"line":58,"column":null}},"21":{"start":{"line":59,"column":4},"end":{"line":61,"column":null}},"22":{"start":{"line":60,"column":6},"end":{"line":60,"column":null}},"23":{"start":{"line":64,"column":4},"end":{"line":64,"column":null}},"24":{"start":{"line":65,"column":4},"end":{"line":69,"column":null}},"25":{"start":{"line":66,"column":6},"end":{"line":67,"column":null}},"26":{"start":{"line":67,"column":8},"end":{"line":67,"column":null}},"27":{"start":{"line":70,"column":4},"end":{"line":74,"column":null}},"28":{"start":{"line":71,"column":6},"end":{"line":72,"column":null}},"29":{"start":{"line":72,"column":8},"end":{"line":72,"column":null}},"30":{"start":{"line":78,"column":2},"end":{"line":82,"column":null}},"31":{"start":{"line":79,"column":4},"end":{"line":80,"column":null}},"32":{"start":{"line":80,"column":6},"end":{"line":80,"column":null}},"33":{"start":{"line":85,"column":2},"end":{"line":89,"column":null}},"34":{"start":{"line":86,"column":4},"end":{"line":87,"column":null}},"35":{"start":{"line":87,"column":6},"end":{"line":87,"column":null}},"36":{"start":{"line":91,"column":2},"end":{"line":91,"column":null}},"37":{"start":{"line":95,"column":2},"end":{"line":96,"column":null}},"38":{"start":{"line":96,"column":4},"end":{"line":96,"column":null}}},"fnMap":{"0":{"name":"setupGestures","decl":{"start":{"line":6,"column":16},"end":{"line":6,"column":30}},"loc":{"start":{"line":6,"column":54},"end":{"line":91,"column":null}},"line":6},"1":{"name":"(anonymous_1)","decl":{"start":{"line":22,"column":14},"end":{"line":22,"column":31}},"loc":{"start":{"line":22,"column":31},"end":{"line":26,"column":null}},"line":22},"2":{"name":"(anonymous_2)","decl":{"start":{"line":30,"column":14},"end":{"line":30,"column":33}},"loc":{"start":{"line":30,"column":33},"end":{"line":34,"column":null}},"line":30},"3":{"name":"(anonymous_3)","decl":{"start":{"line":37,"column":14},"end":{"line":37,"column":34}},"loc":{"start":{"line":37,"column":34},"end":{"line":41,"column":null}},"line":37},"4":{"name":"(anonymous_4)","decl":{"start":{"line":44,"column":14},"end":{"line":44,"column":33}},"loc":{"start":{"line":44,"column":33},"end":{"line":48,"column":null}},"line":44},"5":{"name":"(anonymous_5)","decl":{"start":{"line":51,"column":14},"end":{"line":51,"column":29}},"loc":{"start":{"line":51,"column":29},"end":{"line":55,"column":null}},"line":51},"6":{"name":"(anonymous_6)","decl":{"start":{"line":59,"column":14},"end":{"line":59,"column":39}},"loc":{"start":{"line":59,"column":58},"end":{"line":61,"column":null}},"line":59},"7":{"name":"(anonymous_7)","decl":{"start":{"line":65,"column":14},"end":{"line":65,"column":31}},"loc":{"start":{"line":65,"column":31},"end":{"line":69,"column":null}},"line":65},"8":{"name":"(anonymous_8)","decl":{"start":{"line":70,"column":14},"end":{"line":70,"column":33}},"loc":{"start":{"line":70,"column":33},"end":{"line":74,"column":null}},"line":70},"9":{"name":"(anonymous_9)","decl":{"start":{"line":78,"column":12},"end":{"line":78,"column":25}},"loc":{"start":{"line":78,"column":25},"end":{"line":82,"column":null}},"line":78},"10":{"name":"(anonymous_10)","decl":{"start":{"line":85,"column":12},"end":{"line":85,"column":31}},"loc":{"start":{"line":85,"column":31},"end":{"line":89,"column":null}},"line":85},"11":{"name":"destroyGestures","decl":{"start":{"line":94,"column":16},"end":{"line":94,"column":32}},"loc":{"start":{"line":94,"column":55},"end":{"line":96,"column":null}},"line":94}},"branchMap":{"0":{"loc":{"start":{"line":19,"column":2},"end":{"line":74,"column":null}},"type":"if","locations":[{"start":{"line":19,"column":2},"end":{"line":74,"column":null}},{"start":{"line":62,"column":9},"end":{"line":74,"column":null}}],"line":19},"1":{"loc":{"start":{"line":23,"column":6},"end":{"line":24,"column":null}},"type":"if","locations":[{"start":{"line":23,"column":6},"end":{"line":24,"column":null}},{"start":{},"end":{}}],"line":23},"2":{"loc":{"start":{"line":31,"column":6},"end":{"line":32,"column":null}},"type":"if","locations":[{"start":{"line":31,"column":6},"end":{"line":32,"column":null}},{"start":{},"end":{}}],"line":31},"3":{"loc":{"start":{"line":38,"column":6},"end":{"line":39,"column":null}},"type":"if","locations":[{"start":{"line":38,"column":6},"end":{"line":39,"column":null}},{"start":{},"end":{}}],"line":38},"4":{"loc":{"start":{"line":45,"column":6},"end":{"line":46,"column":null}},"type":"if","locations":[{"start":{"line":45,"column":6},"end":{"line":46,"column":null}},{"start":{},"end":{}}],"line":45},"5":{"loc":{"start":{"line":45,"column":10},"end":{"line":45,"column":81}},"type":"binary-expr","locations":[{"start":{"line":45,"column":10},"end":{"line":45,"column":39}},{"start":{"line":45,"column":39},"end":{"line":45,"column":81}}],"line":45},"6":{"loc":{"start":{"line":52,"column":6},"end":{"line":53,"column":null}},"type":"if","locations":[{"start":{"line":52,"column":6},"end":{"line":53,"column":null}},{"start":{},"end":{}}],"line":52},"7":{"loc":{"start":{"line":66,"column":6},"end":{"line":67,"column":null}},"type":"if","locations":[{"start":{"line":66,"column":6},"end":{"line":67,"column":null}},{"start":{},"end":{}}],"line":66},"8":{"loc":{"start":{"line":66,"column":10},"end":{"line":66,"column":78}},"type":"binary-expr","locations":[{"start":{"line":66,"column":10},"end":{"line":66,"column":39}},{"start":{"line":66,"column":39},"end":{"line":66,"column":78}}],"line":66},"9":{"loc":{"start":{"line":71,"column":6},"end":{"line":72,"column":null}},"type":"if","locations":[{"start":{"line":71,"column":6},"end":{"line":72,"column":null}},{"start":{},"end":{}}],"line":71},"10":{"loc":{"start":{"line":71,"column":10},"end":{"line":71,"column":81}},"type":"binary-expr","locations":[{"start":{"line":71,"column":10},"end":{"line":71,"column":39}},{"start":{"line":71,"column":39},"end":{"line":71,"column":81}}],"line":71},"11":{"loc":{"start":{"line":79,"column":4},"end":{"line":80,"column":null}},"type":"if","locations":[{"start":{"line":79,"column":4},"end":{"line":80,"column":null}},{"start":{},"end":{}}],"line":79},"12":{"loc":{"start":{"line":86,"column":4},"end":{"line":87,"column":null}},"type":"if","locations":[{"start":{"line":86,"column":4},"end":{"line":87,"column":null}},{"start":{},"end":{}}],"line":86},"13":{"loc":{"start":{"line":95,"column":2},"end":{"line":96,"column":null}},"type":"if","locations":[{"start":{"line":95,"column":2},"end":{"line":96,"column":null}},{"start":{},"end":{}}],"line":95}},"s":{"0":1,"1":13,"2":13,"3":0,"4":0,"5":0,"6":0,"7":0,"8":0,"9":0,"10":0,"11":0,"12":0,"13":0,"14":0,"15":0,"16":0,"17":0,"18":0,"19":0,"20":0,"21":0,"22":0,"23":13,"24":13,"25":1,"26":0,"27":13,"28":0,"29":0,"30":13,"31":2,"32":1,"33":13,"34":1,"35":1,"36":13,"37":5,"38":3},"f":{"0":13,"1":0,"2":0,"3":0,"4":0,"5":0,"6":0,"7":1,"8":0,"9":2,"10":1,"11":5},"b":{"0":[0,13],"1":[0,0],"2":[0,0],"3":[0,0],"4":[0,0],"5":[0,0],"6":[0,0],"7":[0,1],"8":[1,0],"9":[0,0],"10":[0,0],"11":[1,1],"12":[1,0],"13":[3,2]},"meta":{"lastBranch":14,"lastFunction":12,"lastStatement":39,"seen":{"s:4:17:4:107":0,"f:6:16:6:30":0,"s:7:17:16:4":1,"b:19:2:74:Infinity:62:9:74:Infinity":0,"s:19:2:74:Infinity":2,"s:21:4:21:Infinity":3,"s:22:4:26:Infinity":4,"f:22:14:22:31":1,"b:23:6:24:Infinity:undefined:undefined:undefined:undefined":1,"s:23:6:24:Infinity":5,"s:24:8:24:Infinity":6,"s:29:4:29:Infinity":7,"s:30:4:34:Infinity":8,"f:30:14:30:33":2,"b:31:6:32:Infinity:undefined:undefined:undefined:undefined":2,"s:31:6:32:Infinity":9,"s:32:8:32:Infinity":10,"s:37:4:41:Infinity":11,"f:37:14:37:34":3,"b:38:6:39:Infinity:undefined:undefined:undefined:undefined":3,"s:38:6:39:Infinity":12,"s:39:8:39:Infinity":13,"s:44:4:48:Infinity":14,"f:44:14:44:33":4,"b:45:6:46:Infinity:undefined:undefined:undefined:undefined":4,"s:45:6:46:Infinity":15,"b:45:10:45:39:45:39:45:81":5,"s:46:8:46:Infinity":16,"s:51:4:55:Infinity":17,"f:51:14:51:29":5,"b:52:6:53:Infinity:undefined:undefined:undefined:undefined":6,"s:52:6:53:Infinity":18,"s:53:8:53:Infinity":19,"s:58:4:58:Infinity":20,"s:59:4:61:Infinity":21,"f:59:14:59:39":6,"s:60:6:60:Infinity":22,"s:64:4:64:Infinity":23,"s:65:4:69:Infinity":24,"f:65:14:65:31":7,"b:66:6:67:Infinity:undefined:undefined:undefined:undefined":7,"s:66:6:67:Infinity":25,"b:66:10:66:39:66:39:66:78":8,"s:67:8:67:Infinity":26,"s:70:4:74:Infinity":27,"f:70:14:70:33":8,"b:71:6:72:Infinity:undefined:undefined:undefined:undefined":9,"s:71:6:72:Infinity":28,"b:71:10:71:39:71:39:71:81":10,"s:72:8:72:Infinity":29,"s:78:2:82:Infinity":30,"f:78:12:78:25":9,"b:79:4:80:Infinity:undefined:undefined:undefined:undefined":11,"s:79:4:80:Infinity":31,"s:80:6:80:Infinity":32,"s:85:2:89:Infinity":33,"f:85:12:85:31":10,"b:86:4:87:Infinity:undefined:undefined:undefined:undefined":12,"s:86:4:87:Infinity":34,"s:87:6:87:Infinity":35,"s:91:2:91:Infinity":36,"f:94:16:94:32":11,"b:95:2:96:Infinity:undefined:undefined:undefined:undefined":13,"s:95:2:96:Infinity":37,"s:96:4:96:Infinity":38}}}
,"/root/projects/scpos/src/utils/terminal.ts": {"path":"/root/projects/scpos/src/utils/terminal.ts","statementMap":{"0":{"start":{"line":5,"column":22},"end":{"line":5,"column":null}},"1":{"start":{"line":7,"column":2},"end":{"line":14,"column":null}},"2":{"start":{"line":8,"column":4},"end":{"line":8,"column":null}},"3":{"start":{"line":9,"column":13},"end":{"line":14,"column":null}},"4":{"start":{"line":10,"column":4},"end":{"line":10,"column":null}},"5":{"start":{"line":11,"column":13},"end":{"line":14,"column":null}},"6":{"start":{"line":12,"column":4},"end":{"line":12,"column":null}},"7":{"start":{"line":14,"column":4},"end":{"line":14,"column":null}},"8":{"start":{"line":19,"column":2},"end":{"line":28,"column":null}},"9":{"start":{"line":32,"column":2},"end":{"line":32,"column":null}},"10":{"start":{"line":32,"column":17},"end":{"line":32,"column":null}},"11":{"start":{"line":34,"column":22},"end":{"line":34,"column":45}},"12":{"start":{"line":35,"column":2},"end":{"line":35,"column":null}},"13":{"start":{"line":36,"column":2},"end":{"line":36,"column":null}},"14":{"start":{"line":40,"column":2},"end":{"line":40,"column":null}},"15":{"start":{"line":40,"column":32},"end":{"line":40,"column":55}},"16":{"start":{"line":44,"column":2},"end":{"line":44,"column":null}},"17":{"start":{"line":48,"column":15},"end":{"line":48,"column":33}},"18":{"start":{"line":49,"column":2},"end":{"line":49,"column":null}}},"fnMap":{"0":{"name":"getResponsiveFontSize","decl":{"start":{"line":4,"column":16},"end":{"line":4,"column":48}},"loc":{"start":{"line":4,"column":48},"end":{"line":14,"column":null}},"line":4},"1":{"name":"createTerminalConfig","decl":{"start":{"line":18,"column":16},"end":{"line":18,"column":55}},"loc":{"start":{"line":18,"column":55},"end":{"line":28,"column":null}},"line":18},"2":{"name":"updateTerminalFontSize","decl":{"start":{"line":31,"column":16},"end":{"line":31,"column":39}},"loc":{"start":{"line":31,"column":60},"end":{"line":36,"column":null}},"line":31},"3":{"name":"sleep","decl":{"start":{"line":39,"column":16},"end":{"line":39,"column":22}},"loc":{"start":{"line":39,"column":49},"end":{"line":40,"column":null}},"line":39},"4":{"name":"(anonymous_4)","decl":{"start":{"line":40,"column":13},"end":{"line":40,"column":21}},"loc":{"start":{"line":40,"column":32},"end":{"line":40,"column":55}},"line":40},"5":{"name":"randomDelay","decl":{"start":{"line":43,"column":16},"end":{"line":43,"column":28}},"loc":{"start":{"line":43,"column":62},"end":{"line":44,"column":null}},"line":43},"6":{"name":"isPrintableCharacter","decl":{"start":{"line":47,"column":16},"end":{"line":47,"column":37}},"loc":{"start":{"line":47,"column":60},"end":{"line":49,"column":null}},"line":47}},"branchMap":{"0":{"loc":{"start":{"line":7,"column":2},"end":{"line":14,"column":null}},"type":"if","locations":[{"start":{"line":7,"column":2},"end":{"line":14,"column":null}},{"start":{"line":9,"column":13},"end":{"line":14,"column":null}}],"line":7},"1":{"loc":{"start":{"line":9,"column":13},"end":{"line":14,"column":null}},"type":"if","locations":[{"start":{"line":9,"column":13},"end":{"line":14,"column":null}},{"start":{"line":11,"column":13},"end":{"line":14,"column":null}}],"line":9},"2":{"loc":{"start":{"line":11,"column":13},"end":{"line":14,"column":null}},"type":"if","locations":[{"start":{"line":11,"column":13},"end":{"line":14,"column":null}},{"start":{"line":13,"column":9},"end":{"line":14,"column":null}}],"line":11},"3":{"loc":{"start":{"line":32,"column":2},"end":{"line":32,"column":null}},"type":"if","locations":[{"start":{"line":32,"column":2},"end":{"line":32,"column":null}},{"start":{},"end":{}}],"line":32},"4":{"loc":{"start":{"line":49,"column":9},"end":{"line":49,"column":null}},"type":"binary-expr","locations":[{"start":{"line":49,"column":9},"end":{"line":49,"column":23}},{"start":{"line":49,"column":23},"end":{"line":49,"column":null}}],"line":49}},"s":{"0":11,"1":11,"2":1,"3":10,"4":6,"5":4,"6":1,"7":3,"8":4,"9":3,"10":2,"11":1,"12":1,"13":1,"14":1,"15":1,"16":104,"17":9,"18":9},"f":{"0":11,"1":4,"2":3,"3":1,"4":1,"5":104,"6":9},"b":{"0":[1,10],"1":[6,4],"2":[1,3],"3":[2,1],"4":[9,8]},"meta":{"lastBranch":5,"lastFunction":7,"lastStatement":19,"seen":{"f:4:16:4:48":0,"s:5:22:5:Infinity":0,"b:7:2:14:Infinity:9:13:14:Infinity":0,"s:7:2:14:Infinity":1,"s:8:4:8:Infinity":2,"b:9:13:14:Infinity:11:13:14:Infinity":1,"s:9:13:14:Infinity":3,"s:10:4:10:Infinity":4,"b:11:13:14:Infinity:13:9:14:Infinity":2,"s:11:13:14:Infinity":5,"s:12:4:12:Infinity":6,"s:14:4:14:Infinity":7,"f:18:16:18:55":1,"s:19:2:28:Infinity":8,"f:31:16:31:39":2,"b:32:2:32:Infinity:undefined:undefined:undefined:undefined":3,"s:32:2:32:Infinity":9,"s:32:17:32:Infinity":10,"s:34:22:34:45":11,"s:35:2:35:Infinity":12,"s:36:2:36:Infinity":13,"f:39:16:39:22":3,"s:40:2:40:Infinity":14,"f:40:13:40:21":4,"s:40:32:40:55":15,"f:43:16:43:28":5,"s:44:2:44:Infinity":16,"f:47:16:47:37":6,"s:48:15:48:33":17,"s:49:2:49:Infinity":18,"b:49:9:49:23:49:23:49:Infinity":4}}}
}
